20-10-2021 14:58:22.065 INFO  c.m.i.IdentityServiceApplication.logStarting.55 - Starting IdentityServiceApplication using Java 1.8.0_60 on DESKTOP-I2FCGVK with PID 12268 (G:\3.Mrd_java\0.Myproject\2.Microservice_Tools\identity-service\target\classes started by DaiPhongPC in G:\3.Mrd_java\0.Myproject\2.Microservice_Tools\identity-service)
20-10-2021 14:58:22.095 INFO  c.m.i.IdentityServiceApplication.logStartupProfileInfo.659 - No active profile set, falling back to default profiles: default
20-10-2021 14:58:31.742 ERROR com.zaxxer.hikari.pool.HikariPool.throwPoolInitializationException.594 - HikariPool-1 - Exception during pool initialization.
com.mysql.cj.jdbc.exceptions.CommunicationsException: Communications link failure

The last packet sent successfully to the server was 0 milliseconds ago. The driver has not received any packets from the server.
	at com.mysql.cj.jdbc.exceptions.SQLError.createCommunicationsException(SQLError.java:174)
	at com.mysql.cj.jdbc.exceptions.SQLExceptionsMapping.translateException(SQLExceptionsMapping.java:64)
	at com.mysql.cj.jdbc.ConnectionImpl.createNewIO(ConnectionImpl.java:828)
	at com.mysql.cj.jdbc.ConnectionImpl.<init>(ConnectionImpl.java:448)
	at com.mysql.cj.jdbc.ConnectionImpl.getInstance(ConnectionImpl.java:241)
	at com.mysql.cj.jdbc.NonRegisteringDriver.connect(NonRegisteringDriver.java:198)
	at com.zaxxer.hikari.util.DriverDataSource.getConnection(DriverDataSource.java:138)
	at com.zaxxer.hikari.pool.PoolBase.newConnection(PoolBase.java:364)
	at com.zaxxer.hikari.pool.PoolBase.newPoolEntry(PoolBase.java:206)
	at com.zaxxer.hikari.pool.HikariPool.createPoolEntry(HikariPool.java:476)
	at com.zaxxer.hikari.pool.HikariPool.checkFailFast(HikariPool.java:561)
	at com.zaxxer.hikari.pool.HikariPool.<init>(HikariPool.java:115)
	at com.zaxxer.hikari.HikariDataSource.getConnection(HikariDataSource.java:112)
	at org.springframework.jdbc.datasource.DataSourceUtils.fetchConnection(DataSourceUtils.java:158)
	at org.springframework.jdbc.datasource.DataSourceUtils.doGetConnection(DataSourceUtils.java:116)
	at org.springframework.jdbc.datasource.DataSourceUtils.getConnection(DataSourceUtils.java:79)
	at org.springframework.jdbc.core.JdbcTemplate.execute(JdbcTemplate.java:330)
	at org.springframework.boot.jdbc.EmbeddedDatabaseConnection.isEmbedded(EmbeddedDatabaseConnection.java:184)
	at org.springframework.boot.autoconfigure.orm.jpa.HibernateDefaultDdlAutoProvider.getDefaultDdlAuto(HibernateDefaultDdlAutoProvider.java:42)
	at org.springframework.boot.autoconfigure.orm.jpa.HibernateJpaConfiguration.lambda$getVendorProperties$1(HibernateJpaConfiguration.java:130)
	at org.springframework.boot.autoconfigure.orm.jpa.HibernateSettings.getDdlAuto(HibernateSettings.java:41)
	at org.springframework.boot.autoconfigure.orm.jpa.HibernateProperties.determineDdlAuto(HibernateProperties.java:143)
	at org.springframework.boot.autoconfigure.orm.jpa.HibernateProperties.getAdditionalProperties(HibernateProperties.java:103)
	at org.springframework.boot.autoconfigure.orm.jpa.HibernateProperties.determineHibernateProperties(HibernateProperties.java:95)
	at org.springframework.boot.autoconfigure.orm.jpa.HibernateJpaConfiguration.getVendorProperties(HibernateJpaConfiguration.java:132)
	at org.springframework.boot.autoconfigure.orm.jpa.JpaBaseConfiguration.entityManagerFactory(JpaBaseConfiguration.java:132)
	at sun.reflect.NativeMethodAccessorImpl.invoke0(Native Method)
	at sun.reflect.NativeMethodAccessorImpl.invoke(NativeMethodAccessorImpl.java:62)
	at sun.reflect.DelegatingMethodAccessorImpl.invoke(DelegatingMethodAccessorImpl.java:43)
	at java.lang.reflect.Method.invoke(Method.java:497)
	at org.springframework.beans.factory.support.SimpleInstantiationStrategy.instantiate(SimpleInstantiationStrategy.java:154)
	at org.springframework.beans.factory.support.ConstructorResolver.instantiate(ConstructorResolver.java:653)
	at org.springframework.beans.factory.support.ConstructorResolver.instantiateUsingFactoryMethod(ConstructorResolver.java:638)
	at org.springframework.beans.factory.support.AbstractAutowireCapableBeanFactory.instantiateUsingFactoryMethod(AbstractAutowireCapableBeanFactory.java:1352)
	at org.springframework.beans.factory.support.AbstractAutowireCapableBeanFactory.createBeanInstance(AbstractAutowireCapableBeanFactory.java:1195)
	at org.springframework.beans.factory.support.AbstractAutowireCapableBeanFactory.doCreateBean(AbstractAutowireCapableBeanFactory.java:582)
	at org.springframework.beans.factory.support.AbstractAutowireCapableBeanFactory.createBean(AbstractAutowireCapableBeanFactory.java:542)
	at org.springframework.beans.factory.support.AbstractBeanFactory.lambda$doGetBean$0(AbstractBeanFactory.java:335)
	at org.springframework.beans.factory.support.DefaultSingletonBeanRegistry.getSingleton(DefaultSingletonBeanRegistry.java:234)
	at org.springframework.beans.factory.support.AbstractBeanFactory.doGetBean(AbstractBeanFactory.java:333)
	at org.springframework.beans.factory.support.AbstractBeanFactory.getBean(AbstractBeanFactory.java:208)
	at org.springframework.context.support.AbstractApplicationContext.getBean(AbstractApplicationContext.java:1154)
	at org.springframework.context.support.AbstractApplicationContext.finishBeanFactoryInitialization(AbstractApplicationContext.java:908)
	at org.springframework.context.support.AbstractApplicationContext.refresh(AbstractApplicationContext.java:583)
	at org.springframework.boot.web.servlet.context.ServletWebServerApplicationContext.refresh(ServletWebServerApplicationContext.java:145)
	at org.springframework.boot.SpringApplication.refresh(SpringApplication.java:754)
	at org.springframework.boot.SpringApplication.refreshContext(SpringApplication.java:434)
	at org.springframework.boot.SpringApplication.run(SpringApplication.java:338)
	at org.springframework.boot.SpringApplication.run(SpringApplication.java:1343)
	at org.springframework.boot.SpringApplication.run(SpringApplication.java:1332)
	at com.mrd.identity.IdentityServiceApplication.main(IdentityServiceApplication.java:12)
	at sun.reflect.NativeMethodAccessorImpl.invoke0(Native Method)
	at sun.reflect.NativeMethodAccessorImpl.invoke(NativeMethodAccessorImpl.java:62)
	at sun.reflect.DelegatingMethodAccessorImpl.invoke(DelegatingMethodAccessorImpl.java:43)
	at java.lang.reflect.Method.invoke(Method.java:497)
	at org.springframework.boot.devtools.restart.RestartLauncher.run(RestartLauncher.java:49)
Caused by: com.mysql.cj.exceptions.CJCommunicationsException: Communications link failure

The last packet sent successfully to the server was 0 milliseconds ago. The driver has not received any packets from the server.
	at sun.reflect.NativeConstructorAccessorImpl.newInstance0(Native Method)
	at sun.reflect.NativeConstructorAccessorImpl.newInstance(NativeConstructorAccessorImpl.java:62)
	at sun.reflect.DelegatingConstructorAccessorImpl.newInstance(DelegatingConstructorAccessorImpl.java:45)
	at java.lang.reflect.Constructor.newInstance(Constructor.java:422)
	at com.mysql.cj.exceptions.ExceptionFactory.createException(ExceptionFactory.java:61)
	at com.mysql.cj.exceptions.ExceptionFactory.createException(ExceptionFactory.java:105)
	at com.mysql.cj.exceptions.ExceptionFactory.createException(ExceptionFactory.java:151)
	at com.mysql.cj.exceptions.ExceptionFactory.createCommunicationsException(ExceptionFactory.java:167)
	at com.mysql.cj.protocol.a.NativeSocketConnection.connect(NativeSocketConnection.java:89)
	at com.mysql.cj.NativeSession.connect(NativeSession.java:119)
	at com.mysql.cj.jdbc.ConnectionImpl.connectOneTryOnly(ConnectionImpl.java:948)
	at com.mysql.cj.jdbc.ConnectionImpl.createNewIO(ConnectionImpl.java:818)
	... 53 common frames omitted
Caused by: java.net.ConnectException: Connection refused: connect
	at java.net.DualStackPlainSocketImpl.waitForConnect(Native Method)
	at java.net.DualStackPlainSocketImpl.socketConnect(DualStackPlainSocketImpl.java:85)
	at java.net.AbstractPlainSocketImpl.doConnect(AbstractPlainSocketImpl.java:350)
	at java.net.AbstractPlainSocketImpl.connectToAddress(AbstractPlainSocketImpl.java:206)
	at java.net.AbstractPlainSocketImpl.connect(AbstractPlainSocketImpl.java:188)
	at java.net.PlainSocketImpl.connect(PlainSocketImpl.java:172)
	at java.net.SocksSocketImpl.connect(SocksSocketImpl.java:392)
	at java.net.Socket.connect(Socket.java:589)
	at com.mysql.cj.protocol.StandardSocketFactory.connect(StandardSocketFactory.java:156)
	at com.mysql.cj.protocol.a.NativeSocketConnection.connect(NativeSocketConnection.java:63)
	... 56 common frames omitted
20-10-2021 14:58:36.105 ERROR com.zaxxer.hikari.pool.HikariPool.throwPoolInitializationException.594 - HikariPool-1 - Exception during pool initialization.
com.mysql.cj.jdbc.exceptions.CommunicationsException: Communications link failure

The last packet sent successfully to the server was 0 milliseconds ago. The driver has not received any packets from the server.
	at com.mysql.cj.jdbc.exceptions.SQLError.createCommunicationsException(SQLError.java:174)
	at com.mysql.cj.jdbc.exceptions.SQLExceptionsMapping.translateException(SQLExceptionsMapping.java:64)
	at com.mysql.cj.jdbc.ConnectionImpl.createNewIO(ConnectionImpl.java:828)
	at com.mysql.cj.jdbc.ConnectionImpl.<init>(ConnectionImpl.java:448)
	at com.mysql.cj.jdbc.ConnectionImpl.getInstance(ConnectionImpl.java:241)
	at com.mysql.cj.jdbc.NonRegisteringDriver.connect(NonRegisteringDriver.java:198)
	at com.zaxxer.hikari.util.DriverDataSource.getConnection(DriverDataSource.java:138)
	at com.zaxxer.hikari.pool.PoolBase.newConnection(PoolBase.java:364)
	at com.zaxxer.hikari.pool.PoolBase.newPoolEntry(PoolBase.java:206)
	at com.zaxxer.hikari.pool.HikariPool.createPoolEntry(HikariPool.java:476)
	at com.zaxxer.hikari.pool.HikariPool.checkFailFast(HikariPool.java:561)
	at com.zaxxer.hikari.pool.HikariPool.<init>(HikariPool.java:115)
	at com.zaxxer.hikari.HikariDataSource.getConnection(HikariDataSource.java:112)
	at org.hibernate.engine.jdbc.connections.internal.DatasourceConnectionProviderImpl.getConnection(DatasourceConnectionProviderImpl.java:122)
	at org.hibernate.engine.jdbc.env.internal.JdbcEnvironmentInitiator$ConnectionProviderJdbcConnectionAccess.obtainConnection(JdbcEnvironmentInitiator.java:180)
	at org.hibernate.engine.jdbc.env.internal.JdbcEnvironmentInitiator.initiateService(JdbcEnvironmentInitiator.java:68)
	at org.hibernate.engine.jdbc.env.internal.JdbcEnvironmentInitiator.initiateService(JdbcEnvironmentInitiator.java:35)
	at org.hibernate.boot.registry.internal.StandardServiceRegistryImpl.initiateService(StandardServiceRegistryImpl.java:101)
	at org.hibernate.service.internal.AbstractServiceRegistryImpl.createService(AbstractServiceRegistryImpl.java:263)
	at org.hibernate.service.internal.AbstractServiceRegistryImpl.initializeService(AbstractServiceRegistryImpl.java:237)
	at org.hibernate.service.internal.AbstractServiceRegistryImpl.getService(AbstractServiceRegistryImpl.java:214)
	at org.hibernate.id.factory.internal.DefaultIdentifierGeneratorFactory.injectServices(DefaultIdentifierGeneratorFactory.java:152)
	at org.hibernate.service.internal.AbstractServiceRegistryImpl.injectDependencies(AbstractServiceRegistryImpl.java:286)
	at org.hibernate.service.internal.AbstractServiceRegistryImpl.initializeService(AbstractServiceRegistryImpl.java:243)
	at org.hibernate.service.internal.AbstractServiceRegistryImpl.getService(AbstractServiceRegistryImpl.java:214)
	at org.hibernate.boot.internal.InFlightMetadataCollectorImpl.<init>(InFlightMetadataCollectorImpl.java:176)
	at org.hibernate.boot.model.process.spi.MetadataBuildingProcess.complete(MetadataBuildingProcess.java:127)
	at org.hibernate.jpa.boot.internal.EntityManagerFactoryBuilderImpl.metadata(EntityManagerFactoryBuilderImpl.java:1224)
	at org.hibernate.jpa.boot.internal.EntityManagerFactoryBuilderImpl.build(EntityManagerFactoryBuilderImpl.java:1255)
	at org.springframework.orm.jpa.vendor.SpringHibernateJpaPersistenceProvider.createContainerEntityManagerFactory(SpringHibernateJpaPersistenceProvider.java:58)
	at org.springframework.orm.jpa.LocalContainerEntityManagerFactoryBean.createNativeEntityManagerFactory(LocalContainerEntityManagerFactoryBean.java:365)
	at org.springframework.orm.jpa.AbstractEntityManagerFactoryBean.buildNativeEntityManagerFactory(AbstractEntityManagerFactoryBean.java:409)
	at org.springframework.orm.jpa.AbstractEntityManagerFactoryBean.afterPropertiesSet(AbstractEntityManagerFactoryBean.java:396)
	at org.springframework.orm.jpa.LocalContainerEntityManagerFactoryBean.afterPropertiesSet(LocalContainerEntityManagerFactoryBean.java:341)
	at org.springframework.beans.factory.support.AbstractAutowireCapableBeanFactory.invokeInitMethods(AbstractAutowireCapableBeanFactory.java:1863)
	at org.springframework.beans.factory.support.AbstractAutowireCapableBeanFactory.initializeBean(AbstractAutowireCapableBeanFactory.java:1800)
	at org.springframework.beans.factory.support.AbstractAutowireCapableBeanFactory.doCreateBean(AbstractAutowireCapableBeanFactory.java:620)
	at org.springframework.beans.factory.support.AbstractAutowireCapableBeanFactory.createBean(AbstractAutowireCapableBeanFactory.java:542)
	at org.springframework.beans.factory.support.AbstractBeanFactory.lambda$doGetBean$0(AbstractBeanFactory.java:335)
	at org.springframework.beans.factory.support.DefaultSingletonBeanRegistry.getSingleton(DefaultSingletonBeanRegistry.java:234)
	at org.springframework.beans.factory.support.AbstractBeanFactory.doGetBean(AbstractBeanFactory.java:333)
	at org.springframework.beans.factory.support.AbstractBeanFactory.getBean(AbstractBeanFactory.java:208)
	at org.springframework.context.support.AbstractApplicationContext.getBean(AbstractApplicationContext.java:1154)
	at org.springframework.context.support.AbstractApplicationContext.finishBeanFactoryInitialization(AbstractApplicationContext.java:908)
	at org.springframework.context.support.AbstractApplicationContext.refresh(AbstractApplicationContext.java:583)
	at org.springframework.boot.web.servlet.context.ServletWebServerApplicationContext.refresh(ServletWebServerApplicationContext.java:145)
	at org.springframework.boot.SpringApplication.refresh(SpringApplication.java:754)
	at org.springframework.boot.SpringApplication.refreshContext(SpringApplication.java:434)
	at org.springframework.boot.SpringApplication.run(SpringApplication.java:338)
	at org.springframework.boot.SpringApplication.run(SpringApplication.java:1343)
	at org.springframework.boot.SpringApplication.run(SpringApplication.java:1332)
	at com.mrd.identity.IdentityServiceApplication.main(IdentityServiceApplication.java:12)
	at sun.reflect.NativeMethodAccessorImpl.invoke0(Native Method)
	at sun.reflect.NativeMethodAccessorImpl.invoke(NativeMethodAccessorImpl.java:62)
	at sun.reflect.DelegatingMethodAccessorImpl.invoke(DelegatingMethodAccessorImpl.java:43)
	at java.lang.reflect.Method.invoke(Method.java:497)
	at org.springframework.boot.devtools.restart.RestartLauncher.run(RestartLauncher.java:49)
Caused by: com.mysql.cj.exceptions.CJCommunicationsException: Communications link failure

The last packet sent successfully to the server was 0 milliseconds ago. The driver has not received any packets from the server.
	at sun.reflect.NativeConstructorAccessorImpl.newInstance0(Native Method)
	at sun.reflect.NativeConstructorAccessorImpl.newInstance(NativeConstructorAccessorImpl.java:62)
	at sun.reflect.DelegatingConstructorAccessorImpl.newInstance(DelegatingConstructorAccessorImpl.java:45)
	at java.lang.reflect.Constructor.newInstance(Constructor.java:422)
	at com.mysql.cj.exceptions.ExceptionFactory.createException(ExceptionFactory.java:61)
	at com.mysql.cj.exceptions.ExceptionFactory.createException(ExceptionFactory.java:105)
	at com.mysql.cj.exceptions.ExceptionFactory.createException(ExceptionFactory.java:151)
	at com.mysql.cj.exceptions.ExceptionFactory.createCommunicationsException(ExceptionFactory.java:167)
	at com.mysql.cj.protocol.a.NativeSocketConnection.connect(NativeSocketConnection.java:89)
	at com.mysql.cj.NativeSession.connect(NativeSession.java:119)
	at com.mysql.cj.jdbc.ConnectionImpl.connectOneTryOnly(ConnectionImpl.java:948)
	at com.mysql.cj.jdbc.ConnectionImpl.createNewIO(ConnectionImpl.java:818)
	... 54 common frames omitted
Caused by: java.net.ConnectException: Connection refused: connect
	at java.net.DualStackPlainSocketImpl.waitForConnect(Native Method)
	at java.net.DualStackPlainSocketImpl.socketConnect(DualStackPlainSocketImpl.java:85)
	at java.net.AbstractPlainSocketImpl.doConnect(AbstractPlainSocketImpl.java:350)
	at java.net.AbstractPlainSocketImpl.connectToAddress(AbstractPlainSocketImpl.java:206)
	at java.net.AbstractPlainSocketImpl.connect(AbstractPlainSocketImpl.java:188)
	at java.net.PlainSocketImpl.connect(PlainSocketImpl.java:172)
	at java.net.SocksSocketImpl.connect(SocksSocketImpl.java:392)
	at java.net.Socket.connect(Socket.java:589)
	at com.mysql.cj.protocol.StandardSocketFactory.connect(StandardSocketFactory.java:156)
	at com.mysql.cj.protocol.a.NativeSocketConnection.connect(NativeSocketConnection.java:63)
	... 57 common frames omitted
20-10-2021 14:58:36.133 ERROR o.s.o.j.LocalContainerEntityManagerFactoryBean.buildNativeEntityManagerFactory.426 - Failed to initialize JPA EntityManagerFactory: Unable to create requested service [org.hibernate.engine.jdbc.env.spi.JdbcEnvironment]
20-10-2021 14:58:36.176 ERROR o.s.boot.SpringApplication.reportFailure.843 - Application run failed
org.springframework.beans.factory.BeanCreationException: Error creating bean with name 'entityManagerFactory' defined in class path resource [org/springframework/boot/autoconfigure/orm/jpa/HibernateJpaConfiguration.class]: Invocation of init method failed; nested exception is org.hibernate.service.spi.ServiceException: Unable to create requested service [org.hibernate.engine.jdbc.env.spi.JdbcEnvironment]
	at org.springframework.beans.factory.support.AbstractAutowireCapableBeanFactory.initializeBean(AbstractAutowireCapableBeanFactory.java:1804)
	at org.springframework.beans.factory.support.AbstractAutowireCapableBeanFactory.doCreateBean(AbstractAutowireCapableBeanFactory.java:620)
	at org.springframework.beans.factory.support.AbstractAutowireCapableBeanFactory.createBean(AbstractAutowireCapableBeanFactory.java:542)
	at org.springframework.beans.factory.support.AbstractBeanFactory.lambda$doGetBean$0(AbstractBeanFactory.java:335)
	at org.springframework.beans.factory.support.DefaultSingletonBeanRegistry.getSingleton(DefaultSingletonBeanRegistry.java:234)
	at org.springframework.beans.factory.support.AbstractBeanFactory.doGetBean(AbstractBeanFactory.java:333)
	at org.springframework.beans.factory.support.AbstractBeanFactory.getBean(AbstractBeanFactory.java:208)
	at org.springframework.context.support.AbstractApplicationContext.getBean(AbstractApplicationContext.java:1154)
	at org.springframework.context.support.AbstractApplicationContext.finishBeanFactoryInitialization(AbstractApplicationContext.java:908)
	at org.springframework.context.support.AbstractApplicationContext.refresh(AbstractApplicationContext.java:583)
	at org.springframework.boot.web.servlet.context.ServletWebServerApplicationContext.refresh(ServletWebServerApplicationContext.java:145)
	at org.springframework.boot.SpringApplication.refresh(SpringApplication.java:754)
	at org.springframework.boot.SpringApplication.refreshContext(SpringApplication.java:434)
	at org.springframework.boot.SpringApplication.run(SpringApplication.java:338)
	at org.springframework.boot.SpringApplication.run(SpringApplication.java:1343)
	at org.springframework.boot.SpringApplication.run(SpringApplication.java:1332)
	at com.mrd.identity.IdentityServiceApplication.main(IdentityServiceApplication.java:12)
	at sun.reflect.NativeMethodAccessorImpl.invoke0(Native Method)
	at sun.reflect.NativeMethodAccessorImpl.invoke(NativeMethodAccessorImpl.java:62)
	at sun.reflect.DelegatingMethodAccessorImpl.invoke(DelegatingMethodAccessorImpl.java:43)
	at java.lang.reflect.Method.invoke(Method.java:497)
	at org.springframework.boot.devtools.restart.RestartLauncher.run(RestartLauncher.java:49)
Caused by: org.hibernate.service.spi.ServiceException: Unable to create requested service [org.hibernate.engine.jdbc.env.spi.JdbcEnvironment]
	at org.hibernate.service.internal.AbstractServiceRegistryImpl.createService(AbstractServiceRegistryImpl.java:275)
	at org.hibernate.service.internal.AbstractServiceRegistryImpl.initializeService(AbstractServiceRegistryImpl.java:237)
	at org.hibernate.service.internal.AbstractServiceRegistryImpl.getService(AbstractServiceRegistryImpl.java:214)
	at org.hibernate.id.factory.internal.DefaultIdentifierGeneratorFactory.injectServices(DefaultIdentifierGeneratorFactory.java:152)
	at org.hibernate.service.internal.AbstractServiceRegistryImpl.injectDependencies(AbstractServiceRegistryImpl.java:286)
	at org.hibernate.service.internal.AbstractServiceRegistryImpl.initializeService(AbstractServiceRegistryImpl.java:243)
	at org.hibernate.service.internal.AbstractServiceRegistryImpl.getService(AbstractServiceRegistryImpl.java:214)
	at org.hibernate.boot.internal.InFlightMetadataCollectorImpl.<init>(InFlightMetadataCollectorImpl.java:176)
	at org.hibernate.boot.model.process.spi.MetadataBuildingProcess.complete(MetadataBuildingProcess.java:127)
	at org.hibernate.jpa.boot.internal.EntityManagerFactoryBuilderImpl.metadata(EntityManagerFactoryBuilderImpl.java:1224)
	at org.hibernate.jpa.boot.internal.EntityManagerFactoryBuilderImpl.build(EntityManagerFactoryBuilderImpl.java:1255)
	at org.springframework.orm.jpa.vendor.SpringHibernateJpaPersistenceProvider.createContainerEntityManagerFactory(SpringHibernateJpaPersistenceProvider.java:58)
	at org.springframework.orm.jpa.LocalContainerEntityManagerFactoryBean.createNativeEntityManagerFactory(LocalContainerEntityManagerFactoryBean.java:365)
	at org.springframework.orm.jpa.AbstractEntityManagerFactoryBean.buildNativeEntityManagerFactory(AbstractEntityManagerFactoryBean.java:409)
	at org.springframework.orm.jpa.AbstractEntityManagerFactoryBean.afterPropertiesSet(AbstractEntityManagerFactoryBean.java:396)
	at org.springframework.orm.jpa.LocalContainerEntityManagerFactoryBean.afterPropertiesSet(LocalContainerEntityManagerFactoryBean.java:341)
	at org.springframework.beans.factory.support.AbstractAutowireCapableBeanFactory.invokeInitMethods(AbstractAutowireCapableBeanFactory.java:1863)
	at org.springframework.beans.factory.support.AbstractAutowireCapableBeanFactory.initializeBean(AbstractAutowireCapableBeanFactory.java:1800)
	... 21 common frames omitted
Caused by: org.hibernate.HibernateException: Access to DialectResolutionInfo cannot be null when 'hibernate.dialect' not set
	at org.hibernate.engine.jdbc.dialect.internal.DialectFactoryImpl.determineDialect(DialectFactoryImpl.java:100)
	at org.hibernate.engine.jdbc.dialect.internal.DialectFactoryImpl.buildDialect(DialectFactoryImpl.java:54)
	at org.hibernate.engine.jdbc.env.internal.JdbcEnvironmentInitiator.initiateService(JdbcEnvironmentInitiator.java:137)
	at org.hibernate.engine.jdbc.env.internal.JdbcEnvironmentInitiator.initiateService(JdbcEnvironmentInitiator.java:35)
	at org.hibernate.boot.registry.internal.StandardServiceRegistryImpl.initiateService(StandardServiceRegistryImpl.java:101)
	at org.hibernate.service.internal.AbstractServiceRegistryImpl.createService(AbstractServiceRegistryImpl.java:263)
	... 38 common frames omitted
20-10-2021 14:59:22.709 INFO  c.m.i.IdentityServiceApplication.logStarting.55 - Starting IdentityServiceApplication using Java 1.8.0_60 on DESKTOP-I2FCGVK with PID 7912 (G:\3.Mrd_java\0.Myproject\2.Microservice_Tools\identity-service\target\classes started by DaiPhongPC in G:\3.Mrd_java\0.Myproject\2.Microservice_Tools\identity-service)
20-10-2021 14:59:22.713 INFO  c.m.i.IdentityServiceApplication.logStartupProfileInfo.659 - No active profile set, falling back to default profiles: default
20-10-2021 14:59:31.483 INFO  c.m.i.IdentityServiceApplication.logStarted.61 - Started IdentityServiceApplication in 10.105 seconds (JVM running for 12.708)
20-10-2021 15:31:05.382 ERROR o.h.e.jdbc.spi.SqlExceptionHelper.logExceptions.142 - Table 'vsat02.vsat_user' doesn't exist
20-10-2021 15:31:05.389 ERROR c.m.i.r.UserRepositoryCustom.findByUserName.94 - javax.persistence.PersistenceException: org.hibernate.exception.SQLGrammarException: could not extract ResultSet
20-10-2021 15:34:22.907 INFO  c.m.i.IdentityServiceApplication.logStarting.55 - Starting IdentityServiceApplication using Java 1.8.0_60 on DESKTOP-I2FCGVK with PID 15656 (G:\3.Mrd_java\0.Myproject\2.Microservice_Tools\identity-service\target\classes started by DaiPhongPC in G:\3.Mrd_java\0.Myproject\2.Microservice_Tools\identity-service)
20-10-2021 15:34:22.910 INFO  c.m.i.IdentityServiceApplication.logStartupProfileInfo.659 - No active profile set, falling back to default profiles: default
20-10-2021 15:34:29.006 INFO  c.m.i.IdentityServiceApplication.logStarted.61 - Started IdentityServiceApplication in 6.97 seconds (JVM running for 8.575)
20-10-2021 15:34:32.142 ERROR c.m.i.r.UserRepositoryCustom.findByUserName.94 - javax.persistence.NoResultException: No entity found for query
20-10-2021 23:07:11.200 ERROR c.m.i.r.UserRepositoryCustom.findByUserName.94 - javax.persistence.NoResultException: No entity found for query
20-10-2021 23:07:13.668 ERROR c.m.i.r.UserRepositoryCustom.findByUserName.94 - javax.persistence.NoResultException: No entity found for query
20-10-2021 23:07:14.301 ERROR c.m.i.r.UserRepositoryCustom.findByUserName.94 - javax.persistence.NoResultException: No entity found for query
20-10-2021 23:07:14.905 ERROR c.m.i.r.UserRepositoryCustom.findByUserName.94 - javax.persistence.NoResultException: No entity found for query
20-10-2021 23:07:15.383 ERROR c.m.i.r.UserRepositoryCustom.findByUserName.94 - javax.persistence.NoResultException: No entity found for query
20-10-2021 23:07:15.992 ERROR c.m.i.r.UserRepositoryCustom.findByUserName.94 - javax.persistence.NoResultException: No entity found for query
20-10-2021 23:29:24.204 INFO  c.m.i.IdentityServiceApplication.logStarting.55 - Starting IdentityServiceApplication using Java 1.8.0_60 on DESKTOP-I2FCGVK with PID 9084 (G:\3.Mrd_java\0.Myproject\2.Microservice_Tools\identity-service\target\classes started by DaiPhongPC in G:\3.Mrd_java\0.Myproject\2.Microservice_Tools\identity-service)
20-10-2021 23:29:24.208 INFO  c.m.i.IdentityServiceApplication.logStartupProfileInfo.659 - No active profile set, falling back to default profiles: default
20-10-2021 23:29:28.258 ERROR o.s.b.d.LoggingFailureAnalysisReporter.report.40 - 

***************************
APPLICATION FAILED TO START
***************************

Description:

Field authenticationManager in com.mrd.identity.controller.UserController required a bean of type 'org.springframework.security.authentication.AuthenticationManager' that could not be found.

The injection point has the following annotations:
	- @org.springframework.beans.factory.annotation.Autowired(required=true)


Action:

Consider defining a bean of type 'org.springframework.security.authentication.AuthenticationManager' in your configuration.

20-10-2021 23:30:37.087 INFO  c.m.i.IdentityServiceApplication.logStarting.55 - Starting IdentityServiceApplication using Java 1.8.0_60 on DESKTOP-I2FCGVK with PID 23168 (G:\3.Mrd_java\0.Myproject\2.Microservice_Tools\identity-service\target\classes started by DaiPhongPC in G:\3.Mrd_java\0.Myproject\2.Microservice_Tools\identity-service)
20-10-2021 23:30:37.091 INFO  c.m.i.IdentityServiceApplication.logStartupProfileInfo.659 - No active profile set, falling back to default profiles: default
20-10-2021 23:30:43.414 INFO  c.m.i.IdentityServiceApplication.logStarted.61 - Started IdentityServiceApplication in 7.246 seconds (JVM running for 8.976)
20-10-2021 23:31:43.062 INFO  c.m.i.IdentityServiceApplication.logStarting.55 - Starting IdentityServiceApplication using Java 1.8.0_60 on DESKTOP-I2FCGVK with PID 11796 (G:\3.Mrd_java\0.Myproject\2.Microservice_Tools\identity-service\target\classes started by DaiPhongPC in G:\3.Mrd_java\0.Myproject\2.Microservice_Tools\identity-service)
20-10-2021 23:31:43.066 INFO  c.m.i.IdentityServiceApplication.logStartupProfileInfo.659 - No active profile set, falling back to default profiles: default
20-10-2021 23:31:53.312 INFO  c.m.i.IdentityServiceApplication.logStarted.61 - Started IdentityServiceApplication in 11.452 seconds (JVM running for 15.524)
20-10-2021 23:35:04.201 INFO  c.m.i.IdentityServiceApplication.logStarting.55 - Starting IdentityServiceApplication using Java 1.8.0_60 on DESKTOP-I2FCGVK with PID 13948 (G:\3.Mrd_java\0.Myproject\2.Microservice_Tools\identity-service\target\classes started by DaiPhongPC in G:\3.Mrd_java\0.Myproject\2.Microservice_Tools\identity-service)
20-10-2021 23:35:04.205 INFO  c.m.i.IdentityServiceApplication.logStartupProfileInfo.659 - No active profile set, falling back to default profiles: default
20-10-2021 23:35:12.274 INFO  c.m.i.IdentityServiceApplication.logStarted.61 - Started IdentityServiceApplication in 9.346 seconds (JVM running for 11.78)
20-10-2021 23:36:20.566 INFO  c.m.i.IdentityServiceApplication.logStarting.55 - Starting IdentityServiceApplication using Java 1.8.0_60 on DESKTOP-I2FCGVK with PID 21344 (G:\3.Mrd_java\0.Myproject\2.Microservice_Tools\identity-service\target\classes started by DaiPhongPC in G:\3.Mrd_java\0.Myproject\2.Microservice_Tools\identity-service)
20-10-2021 23:36:20.571 INFO  c.m.i.IdentityServiceApplication.logStartupProfileInfo.659 - No active profile set, falling back to default profiles: default
20-10-2021 23:36:28.011 INFO  c.m.i.IdentityServiceApplication.logStarted.61 - Started IdentityServiceApplication in 8.627 seconds (JVM running for 10.423)
20-10-2021 23:37:57.421 INFO  c.m.i.IdentityServiceApplication.logStarting.55 - Starting IdentityServiceApplication using Java 1.8.0_60 on DESKTOP-I2FCGVK with PID 15868 (G:\3.Mrd_java\0.Myproject\2.Microservice_Tools\identity-service\target\classes started by DaiPhongPC in G:\3.Mrd_java\0.Myproject\2.Microservice_Tools\identity-service)
20-10-2021 23:37:57.424 INFO  c.m.i.IdentityServiceApplication.logStartupProfileInfo.659 - No active profile set, falling back to default profiles: default
20-10-2021 23:38:03.859 INFO  c.m.i.IdentityServiceApplication.logStarted.61 - Started IdentityServiceApplication in 7.35 seconds (JVM running for 9.015)
20-10-2021 23:38:10.874 ERROR c.m.i.r.UserRepositoryCustom.findByEmail.65 - javax.persistence.NoResultException: No entity found for query
20-10-2021 23:38:10.882 ERROR c.m.i.r.UserRepositoryCustom.findByMobile.80 - javax.persistence.NoResultException: No entity found for query
20-10-2021 23:38:10.891 ERROR c.m.i.r.UserRepositoryCustom.findByUserName.50 - javax.persistence.NoResultException: No entity found for query
20-10-2021 23:38:28.215 ERROR c.m.i.r.UserRepositoryCustom.findByUserName.50 - javax.persistence.NoResultException: No entity found for query
20-10-2021 23:38:39.966 ERROR c.m.i.r.UserRepositoryCustom.findByUserName.50 - javax.persistence.NoResultException: No entity found for query
20-10-2021 23:38:40.768 ERROR c.m.i.r.UserRepositoryCustom.findByUserName.50 - javax.persistence.NoResultException: No entity found for query
20-10-2021 23:38:41.375 ERROR c.m.i.r.UserRepositoryCustom.findByUserName.50 - javax.persistence.NoResultException: No entity found for query
20-10-2021 23:39:14.696 ERROR c.m.i.r.UserRepositoryCustom.findByUserName.50 - javax.persistence.NoResultException: No entity found for query
20-10-2021 23:39:23.027 ERROR c.m.i.r.UserRepositoryCustom.findByUserName.50 - javax.persistence.NoResultException: No entity found for query
20-10-2021 23:39:45.924 INFO  c.m.i.IdentityServiceApplication.logStarting.55 - Starting IdentityServiceApplication using Java 1.8.0_60 on DESKTOP-I2FCGVK with PID 22580 (G:\3.Mrd_java\0.Myproject\2.Microservice_Tools\identity-service\target\classes started by DaiPhongPC in G:\3.Mrd_java\0.Myproject\2.Microservice_Tools\identity-service)
20-10-2021 23:39:45.928 INFO  c.m.i.IdentityServiceApplication.logStartupProfileInfo.659 - No active profile set, falling back to default profiles: default
20-10-2021 23:39:53.557 INFO  c.m.i.IdentityServiceApplication.logStarted.61 - Started IdentityServiceApplication in 8.707 seconds (JVM running for 10.817)
20-10-2021 23:40:44.096 ERROR c.m.i.r.UserRepositoryCustom.findByUserName.50 - javax.persistence.NoResultException: No entity found for query
20-10-2021 23:40:58.780 INFO  c.m.i.IdentityServiceApplication.logStarting.55 - Starting IdentityServiceApplication using Java 1.8.0_60 on DESKTOP-I2FCGVK with PID 15600 (G:\3.Mrd_java\0.Myproject\2.Microservice_Tools\identity-service\target\classes started by DaiPhongPC in G:\3.Mrd_java\0.Myproject\2.Microservice_Tools\identity-service)
20-10-2021 23:40:58.784 INFO  c.m.i.IdentityServiceApplication.logStartupProfileInfo.659 - No active profile set, falling back to default profiles: default
20-10-2021 23:41:06.301 INFO  c.m.i.IdentityServiceApplication.logStarted.61 - Started IdentityServiceApplication in 8.702 seconds (JVM running for 10.782)
20-10-2021 23:41:23.019 ERROR c.m.i.r.UserRepositoryCustom.findByUserName.50 - javax.persistence.NoResultException: No entity found for query
20-10-2021 23:42:36.802 ERROR c.m.i.r.UserRepositoryCustom.findByUserName.50 - javax.persistence.NoResultException: No entity found for query
20-10-2021 23:44:29.739 INFO  c.m.i.IdentityServiceApplication.logStarting.55 - Starting IdentityServiceApplication using Java 1.8.0_60 on DESKTOP-I2FCGVK with PID 21752 (G:\3.Mrd_java\0.Myproject\2.Microservice_Tools\identity-service\target\classes started by DaiPhongPC in G:\3.Mrd_java\0.Myproject\2.Microservice_Tools\identity-service)
20-10-2021 23:44:29.742 INFO  c.m.i.IdentityServiceApplication.logStartupProfileInfo.659 - No active profile set, falling back to default profiles: default
20-10-2021 23:44:36.045 INFO  c.m.i.IdentityServiceApplication.logStarted.61 - Started IdentityServiceApplication in 7.297 seconds (JVM running for 9.568)
20-10-2021 23:44:37.274 ERROR c.m.i.r.UserRepositoryCustom.findByUserName.50 - javax.persistence.NoResultException: No entity found for query
20-10-2021 23:45:02.044 INFO  c.m.i.IdentityServiceApplication.logStarting.55 - Starting IdentityServiceApplication using Java 1.8.0_60 on DESKTOP-I2FCGVK with PID 9968 (G:\3.Mrd_java\0.Myproject\2.Microservice_Tools\identity-service\target\classes started by DaiPhongPC in G:\3.Mrd_java\0.Myproject\2.Microservice_Tools\identity-service)
20-10-2021 23:45:02.049 INFO  c.m.i.IdentityServiceApplication.logStartupProfileInfo.659 - No active profile set, falling back to default profiles: default
20-10-2021 23:45:29.870 INFO  c.m.i.IdentityServiceApplication.logStarted.61 - Started IdentityServiceApplication in 29.222 seconds (JVM running for 31.422)
